= Start
@ ./seq:[0x4009f8] + 0x1909610 0x20000
@ /lib64/libc.so.6:[0x7fabaa25e9dd] + 0x1929620 0x238
@ /lib64/libc.so.6:[0x7fabaa25e9dd] + 0x1929860 0x238
@ ./seq:[0x400a73] + 0x7faba91ef010 0x1000000
@ ./seq:[0x402979] + 0x7faba81ee010 0x1000000
@ ./seq:[0x402cc7] - 0x7faba81ee010
@ ./seq:[0x400cdf] + 0x1929aa0 0x144
@ ./seq:[0x400d8e] + 0x1929bf0 0x450
@ ./seq:[0x400dc3] + 0x192a050 0x40000
@ ./seq:[0x400dce] + 0x196a060 0x40000
@ ./seq:[0x400dde] + 0x19aa070 0x40000
@ ./seq:[0x400e11] + 0x19ea080 0x40000
@ ./seq:[0x400e1e] + 0x1a2a090 0x40000
@ ./seq:[0x400e2b] + 0x1a6a0a0 0x40000
@ ./seq:[0x400e3b] + 0x1aaa0b0 0x40000
@ ./seq:[0x400e46] + 0x1aea0c0 0x40000
@ ./seq:[0x400e64] + 0x1b2a0d0 0x8a0000
@ ./seq:[0x4011b0] - 0x1929aa0
@ ./seq:[0x4011ba] - 0x1929bf0
@ ./seq:[0x4011c2] - 0x192a050
@ ./seq:[0x4011cc] - 0x19ea080
@ ./seq:[0x4011d6] - 0x1a2a090
@ ./seq:[0x4011e3] - 0x1a6a0a0
@ ./seq:[0x4011ed] - 0x196a060
@ ./seq:[0x4011f7] - 0x19aa070
@ ./seq:[0x4011ff] - 0x1aaa0b0
@ ./seq:[0x401209] - 0x1aea0c0
@ ./seq:[0x400ab4] - 0x1b2a0d0
@ /lib64/libc.so.6:(fclose+0x177)[0x7fabaa25dfd7] - 0x1929620
@ /lib64/libc.so.6:(fclose+0x177)[0x7fabaa25dfd7] - 0x1929860
@ ./seq:[0x400af0] - 0x1909610
@ ./seq:[0x400af8] - 0x7faba91ef010
= End
